20:12:25 **** Incremental Build of configuration Debug for project GPIO_2 ****
make -j8 all 
arm-none-eabi-gcc "../Src/NVIC.c" -mcpu=cortex-m3 -std=gnu11 -g3 -DDEBUG -DSTM32 -DSTM32F1 -DSTM32F103C8Tx -c -I../Inc -O0 -ffunction-sections -fdata-sections -Wall -fstack-usage -fcyclomatic-complexity -MMD -MP -MF"Src/NVIC.d" -MT"Src/NVIC.o" --specs=nano.specs -mfloat-abi=soft -mthumb -o "Src/NVIC.o"
arm-none-eabi-gcc "../Src/main.c" -mcpu=cortex-m3 -std=gnu11 -g3 -DDEBUG -DSTM32 -DSTM32F1 -DSTM32F103C8Tx -c -I../Inc -O0 -ffunction-sections -fdata-sections -Wall -fstack-usage -fcyclomatic-complexity -MMD -MP -MF"Src/main.d" -MT"Src/main.o" --specs=nano.specs -mfloat-abi=soft -mthumb -o "Src/main.o"
../Src/NVIC.c: In function 'DNVIC_GetPendingIRQ':
../Src/NVIC.c:99:24: warning: implicit declaration of function 'GET_BIT' [-Wimplicit-function-declaration]
   99 |                 *Val = GET_BIT(NV->ICPR[0],IRQn); //NV->ICPR[0] |= (1<<IRQn);
      |                        ^~~~~~~
arm-none-eabi-gcc -o "GPIO_2.elf" @"objects.list"   -mcpu=cortex-m3 -T"F:\New folder\CUBE_IDE\GPIO_2\STM32F103C8TX_FLASH.ld" --specs=nosys.specs -Wl,-Map="GPIO_2.map" -Wl,--gc-sections -static --specs=nano.specs -mfloat-abi=soft -mthumb -Wl,--start-group -lc -lm -Wl,--end-group
C:/ST/STM32CubeIDE_1.13.2/STM32CubeIDE/plugins/com.st.stm32cube.ide.mcu.externaltools.gnu-tools-for-stm32.11.3.rel1.win32_1.1.1.202309131626/tools/bin/../lib/gcc/arm-none-eabi/11.3.1/../../../../arm-none-eabi/bin/ld.exe: ./Src/main.o:F:/New folder/CUBE_IDE/GPIO_2/Debug/../Src/NVIC_PRIV.h:45: multiple definition of `NV'; ./Src/NVIC.o:F:/New folder/CUBE_IDE/GPIO_2/Debug/../Src/NVIC_PRIV.h:45: first defined here
collect2.exe: error: ld returned 1 exit status
make: *** [makefile:66: GPIO_2.elf] Error 1
"make -j8 all" terminated with exit code 2. Build might be incomplete.

20:12:25 Build Failed. 2 errors, 1 warnings. (took 413ms)

